2026-02-16 15:52:35: ▲ Next.js 16.1.6
2026-02-16 15:52:35: - Local:         http://localhost:3000
2026-02-16 15:52:35: - Network:       http://10.0.100.58:3000
2026-02-16 15:52:35: 
2026-02-16 15:52:35: ✓ Starting...
2026-02-16 15:52:36: ✓ Ready in 1323ms
2026-02-16 16:08:50: ▲ Next.js 16.1.6
2026-02-16 16:08:50: - Local:         http://localhost:3000
2026-02-16 16:08:50: - Network:       http://10.0.100.58:3000
2026-02-16 16:08:50: 
2026-02-16 16:08:50: ✓ Starting...
2026-02-16 16:08:51: ✓ Ready in 1297ms
2026-02-16 16:17:14: ▲ Next.js 16.1.6
2026-02-16 16:17:14: - Local:         http://localhost:3000
2026-02-16 16:17:14: - Network:       http://10.0.100.58:3000
2026-02-16 16:17:14: 
2026-02-16 16:17:14: ✓ Starting...
2026-02-16 16:17:15: ✓ Ready in 1342ms
2026-02-16 17:13:22: ▲ Next.js 16.1.6
2026-02-16 17:13:22: - Local:         http://localhost:3000
2026-02-16 17:13:22: - Network:       http://10.0.100.58:3000
2026-02-16 17:13:22: 
2026-02-16 17:13:22: ✓ Starting...
2026-02-16 17:13:23: ✓ Ready in 1335ms
2026-02-17 09:36:33: ▲ Next.js 16.1.6
2026-02-17 09:36:33: - Local:         http://localhost:3000
2026-02-17 09:36:33: - Network:       http://10.0.100.58:3000
2026-02-17 09:36:33: 
2026-02-17 09:36:33: ✓ Starting...
2026-02-17 09:36:37: ✓ Ready in 6.2s
2026-02-17 10:06:33: ▲ Next.js 16.1.6
2026-02-17 10:06:33: - Local:         http://localhost:3000
2026-02-17 10:06:33: - Network:       http://10.0.100.58:3000
2026-02-17 10:06:33: 
2026-02-17 10:06:33: ✓ Starting...
2026-02-17 10:06:34: ✓ Ready in 1174ms
2026-02-17 10:31:18: ▲ Next.js 16.1.6
2026-02-17 10:31:18: - Local:         http://localhost:3000
2026-02-17 10:31:18: - Network:       http://10.0.100.58:3000
2026-02-17 10:31:18: 
2026-02-17 10:31:18: ✓ Starting...
2026-02-17 10:31:19: ✓ Ready in 1207ms
2026-02-17 10:49:50: ▲ Next.js 16.1.6
2026-02-17 10:49:50: - Local:         http://localhost:3000
2026-02-17 10:49:50: - Network:       http://10.0.100.58:3000
2026-02-17 10:49:50: 
2026-02-17 10:49:50: ✓ Starting...
2026-02-17 10:49:51: ✓ Ready in 1177ms
2026-02-17 11:28:54: ▲ Next.js 16.1.6
2026-02-17 11:28:54: - Local:         http://localhost:3000
2026-02-17 11:28:54: - Network:       http://10.0.100.58:3000
2026-02-17 11:28:54: 
2026-02-17 11:28:54: ✓ Starting...
2026-02-17 11:28:55: ✓ Ready in 1195ms
